Temp/gradleOut/build/outputs/logs/manifest-merger-release-report.txt
-- Merging decision tree log ---
manifest
ADDED from src\main\AndroidManifest.xml:2:1-28:12
INJECTED from src\main\AndroidManifest.xml:2:1-28:12
INJECTED from src\main\AndroidManifest.xml:2:1-28:12
INJECTED from src\main\AndroidManifest.xml:2:1-28:12
MERGED from [:gvr-keyboard:] AndroidManifest.xml:2:1-11:12
MERGED from [:gvr-keyboardsupport-release:] AndroidManifest.xml:2:1-31:12
MERGED from [:gvr-permissionsupport-release:] AndroidManifest.xml:2:1-30:12
MERGED from [:gvr:] AndroidManifest.xml:2:1-9:12
MERGED from [:unitygvr:] AndroidManifest.xml:2:1-11:12
INJECTED from src\main\AndroidManifest.xml:2:1-28:12
INJECTED from src\main\AndroidManifest.xml:2:1-28:12
INJECTED from src\main\AndroidManifest.xml:2:1-28:12
	package
		ADDED from src\main\AndroidManifest.xml:2:70-99
		INJECTED from src\main\AndroidManifest.xml
		INJECTED from src\main\AndroidManifest.xml
	android:versionName
		INJECTED from src\main\AndroidManifest.xml
		ADDED from src\main\AndroidManifest.xml:2:1-28:12
		INJECTED from src\main\AndroidManifest.xml
	xmlns:tools
		ADDED from src\main\AndroidManifest.xml:2:100-146
	android:versionCode
		INJECTED from src\main\AndroidManifest.xml
		ADDED from src\main\AndroidManifest.xml:2:1-28:12
		INJECTED from src\main\AndroidManifest.xml
	xmlns:android
		ADDED from src\main\AndroidManifest.xml:2:11-69
	android:installLocation
		ADDED from src\main\AndroidManifest.xml:2:147-187
supports-screens
ADDED from src\main\AndroidManifest.xml:3:3-163
	android:largeScreens
		ADDED from src\main\AndroidManifest.xml:3:78-105
	android:smallScreens
		ADDED from src\main\AndroidManifest.xml:3:21-48
	android:normalScreens
		ADDED from src\main\AndroidManifest.xml:3:49-77
	android:xlargeScreens
		ADDED from src\main\AndroidManifest.xml:3:106-134
	android:anyDensity
		ADDED from src\main\AndroidManifest.xml:3:135-160
application
ADDED from src\main\AndroidManifest.xml:4:3-19:17
MERGED from [:gvr-keyboardsupport-release:] AndroidManifest.xml:11:5-29:19
MERGED from [:gvr-keyboardsupport-release:] AndroidManifest.xml:11:5-29:19
MERGED from [:gvr-permissionsupport-release:] AndroidManifest.xml:11:5-28:19
MERGED from [:gvr-permissionsupport-release:] AndroidManifest.xml:11:5-28:19
	android:supportsRtl
		ADDED from [:gvr-keyboardsupport-release:] AndroidManifest.xml:14:9-35
	android:label
		ADDED from src\main\AndroidManifest.xml:4:48-80
	android:allowBackup
		ADDED from [:gvr-keyboardsupport-release:] AndroidManifest.xml:12:9-35
	android:icon
		ADDED from src\main\AndroidManifest.xml:4:16-47
	android:theme
		ADDED from src\main\AndroidManifest.xml:4:81-119
activity#com.unity3d.player.UnityPlayerActivity
ADDED from src\main\AndroidManifest.xml:5:5-13:16
	android:screenOrientation
		ADDED from src\main\AndroidManifest.xml:5:102-145
	android:label
		ADDED from src\main\AndroidManifest.xml:5:69-101
	android:launchMode
		ADDED from src\main\AndroidManifest.xml:5:146-177
	android:hardwareAccelerated
		ADDED from src\main\AndroidManifest.xml:5:360-395
	android:configChanges
		ADDED from src\main\AndroidManifest.xml:5:178-359
	android:name
		ADDED from src\main\AndroidManifest.xml:5:15-68
intent-filter#action:name:android.intent.action.MAIN+category:name:android.intent.category.LAUNCHER+category:name:com.google.intent.category.CARDBOARD
ADDED from src\main\AndroidManifest.xml:6:7-10:23
action#android.intent.action.MAIN
ADDED from src\main\AndroidManifest.xml:7:9-61
	android:name
		ADDED from src\main\AndroidManifest.xml:7:17-58
category#android.intent.category.LAUNCHER
ADDED from src\main\AndroidManifest.xml:8:9-69
	android:name
		ADDED from src\main\AndroidManifest.xml:8:19-66
category#com.google.intent.category.CARDBOARD
ADDED from src\main\AndroidManifest.xml:9:9-73
	android:name
		ADDED from src\main\AndroidManifest.xml:9:19-70
meta-data#unityplayer.UnityActivity
ADDED from src\main\AndroidManifest.xml:11:7-82
	android:value
		ADDED from src\main\AndroidManifest.xml:11:59-79
	android:name
		ADDED from src\main\AndroidManifest.xml:11:18-58
meta-data#android.notch_support
ADDED from src\main\AndroidManifest.xml:12:7-78
	android:value
		ADDED from src\main\AndroidManifest.xml:12:55-75
	android:name
		ADDED from src\main\AndroidManifest.xml:12:18-54
meta-data#unityplayer.SkipPermissionsDialog
ADDED from src\main\AndroidManifest.xml:14:5-88
	android:value
		ADDED from src\main\AndroidManifest.xml:14:65-85
	android:name
		ADDED from src\main\AndroidManifest.xml:14:16-64
meta-data#unity.build-id
ADDED from src\main\AndroidManifest.xml:15:5-101
	android:value
		ADDED from src\main\AndroidManifest.xml:15:46-98
	android:name
		ADDED from src\main\AndroidManifest.xml:15:16-45
meta-data#unity.splash-mode
ADDED from src\main\AndroidManifest.xml:16:5-69
	android:value
		ADDED from src\main\AndroidManifest.xml:16:49-66
	android:name
		ADDED from src\main\AndroidManifest.xml:16:16-48
meta-data#unity.splash-enable
ADDED from src\main\AndroidManifest.xml:17:5-75
	android:value
		ADDED from src\main\AndroidManifest.xml:17:51-72
	android:name
		ADDED from src\main\AndroidManifest.xml:17:16-50
meta-data#notch.config
ADDED from src\main\AndroidManifest.xml:18:5-81
	android:value
		ADDED from src\main\AndroidManifest.xml:18:44-78
	android:name
		ADDED from src\main\AndroidManifest.xml:18:16-43
uses-feature#0x00030000
ADDED from src\main\AndroidManifest.xml:20:3-52
	android:glEsVersion
		ADDED from src\main\AndroidManifest.xml:20:17-49
uses-feature#android.hardware.vulkan
ADDED from src\main\AndroidManifest.xml:21:3-83
	android:required
		ADDED from src\main\AndroidManifest.xml:21:56-80
	android:name
		ADDED from src\main\AndroidManifest.xml:21:17-55
supports-gl-texture#GL_KHR_texture_compression_astc_ldr
ADDED from src\main\AndroidManifest.xml:22:3-77
	android:name
		ADDED from src\main\AndroidManifest.xml:22:24-74
uses-permission#android.permission.READ_EXTERNAL_STORAGE
ADDED from src\main\AndroidManifest.xml:23:3-78
	android:name
		ADDED from src\main\AndroidManifest.xml:23:20-75
uses-permission#android.permission.VIBRATE
ADDED from src\main\AndroidManifest.xml:24:3-64
	android:name
		ADDED from src\main\AndroidManifest.xml:24:20-61
uses-feature#android.hardware.touchscreen
ADDED from src\main\AndroidManifest.xml:25:3-88
	android:required
		ADDED from src\main\AndroidManifest.xml:25:61-85
	android:name
		ADDED from src\main\AndroidManifest.xml:25:17-60
uses-feature#android.hardware.touchscreen.multitouch
ADDED from src\main\AndroidManifest.xml:26:3-99
	android:required
		ADDED from src\main\AndroidManifest.xml:26:72-96
	android:name
		ADDED from src\main\AndroidManifest.xml:26:17-71
uses-feature#android.hardware.touchscreen.multitouch.distinct
ADDED from src\main\AndroidManifest.xml:27:3-108
	android:required
		ADDED from src\main\AndroidManifest.xml:27:81-105
	android:name
		ADDED from src\main\AndroidManifest.xml:27:17-80
uses-sdk
INJECTED from src\main\AndroidManifest.xml reason: use-sdk injection requested
INJECTED from src\main\AndroidManifest.xml
INJECTED from src\main\AndroidManifest.xml
MERGED from [:gvr-keyboard:] AndroidManifest.xml:7:5-9:41
MERGED from [:gvr-keyboard:] AndroidManifest.xml:7:5-9:41
MERGED from [:gvr-keyboardsupport-release:] AndroidManifest.xml:7:5-9:41
MERGED from [:gvr-keyboardsupport-release:] AndroidManifest.xml:7:5-9:41
MERGED from [:gvr-permissionsupport-release:] AndroidManifest.xml:7:5-9:41
MERGED from [:gvr-permissionsupport-release:] AndroidManifest.xml:7:5-9:41
MERGED from [:gvr:] AndroidManifest.xml:5:5-7:41
MERGED from [:gvr:] AndroidManifest.xml:5:5-7:41
MERGED from [:unitygvr:] AndroidManifest.xml:7:5-9:41
MERGED from [:unitygvr:] AndroidManifest.xml:7:5-9:41
INJECTED from src\main\AndroidManifest.xml
INJECTED from src\main\AndroidManifest.xml
	android:targetSdkVersion
		INJECTED from src\main\AndroidManifest.xml
		ADDED from src\main\AndroidManifest.xml
		INJECTED from src\main\AndroidManifest.xml
	android:minSdkVersion
		INJECTED from src\main\AndroidManifest.xml
		ADDED from src\main\AndroidManifest.xml
		INJECTED from src\main\AndroidManifest.xml
activity#com.google.gvr.keyboardsupport.TransitionVRActivity
ADDED from [:gvr-keyboardsupport-release:] AndroidManifest.xml:17:9-28:20
	android:label
		ADDED from [:gvr-keyboardsupport-release:] AndroidManifest.xml:22:13-45
	android:enableVrMode
		ADDED from [:gvr-keyboardsupport-release:] AndroidManifest.xml:20:13-106
	android:exported
		ADDED from [:gvr-keyboardsupport-release:] AndroidManifest.xml:21:13-37
	android:resizeableActivity
		ADDED from [:gvr-keyboardsupport-release:] AndroidManifest.xml:23:13-47
	android:configChanges
		ADDED from [:gvr-keyboardsupport-release:] AndroidManifest.xml:19:13-100
	android:name
		ADDED from [:gvr-keyboardsupport-release:] AndroidManifest.xml:18:13-79
intent-filter#category:name:android.intent.category.LAUNCHER+category:name:com.google.intent.category.DAYDREAM
ADDED from [:gvr-keyboardsupport-release:] AndroidManifest.xml:24:13-27:29
category#com.google.intent.category.DAYDREAM
ADDED from [:gvr-keyboardsupport-release:] AndroidManifest.xml:26:17-80
	android:name
		ADDED from [:gvr-keyboardsupport-release:] AndroidManifest.xml:26:27-77
activity#com.google.gvr.permissionsupport.TransitionVRActivity
ADDED from [:gvr-permissionsupport-release:] AndroidManifest.xml:17:9-27:20
	android:label
		ADDED from [:gvr-permissionsupport-release:] AndroidManifest.xml:22:13-45
	android:enableVrMode
		ADDED from [:gvr-permissionsupport-release:] AndroidManifest.xml:20:13-106
	android:exported
		ADDED from [:gvr-permissionsupport-release:] AndroidManifest.xml:21:13-37
	android:configChanges
		ADDED from [:gvr-permissionsupport-release:] AndroidManifest.xml:19:13-100
	android:name
		ADDED from [:gvr-permissionsupport-release:] AndroidManifest.xml:18:13-81